<?xml version="1.0" encoding="UTF-8"?>
<!-- Generated by org.testng.reporters.JUnitReportReporter -->
<testsuite hostname="DESKTOP-9J5M78K" failures="0" tests="1" name="tests.checkMenuButtonsTest" time="2.310" errors="0" timestamp="2021-07-12T12:08:52 IDT" skipped="0">
  <testcase classname="tests.checkMenuButtonsTest" name="TC02_checkMenuOptions" time="2.310"/>
  <system-out/>
</testsuite> <!-- tests.checkMenuButtonsTest -->
